0x00000000 0011 1100 0000 0001 0000 0000 0000 0000
0x00000004 0011 0100 0010 1000 0000 0000 0000 0000
0x00000008 1000 1101 0000 1001 0000 0000 0000 0000
0x0000000c 0000 0001 0010 0000 0101 0000 0010 0000
0x00000010 0000 0001 0010 0000 0101 1000 0010 0000
0x00000014 0000 0001 0010 0000 0110 0000 0010 0000
0x00000018 0010 0000 0000 1101 0000 0000 0000 1001
0x0000001c 0010 0001 0000 1000 0000 0000 0000 0001
0x00000020 1000 1101 0000 1110 0000 0000 0000 0000
0x00000024 0000 0001 0100 1110 0101 0000 0010 0000
0x00000028 0000 0001 0110 1110 0111 1000 0010 1010
0x0000002c 0001 0001 1110 0000 0000 0000 0000 1101
0x00000030 0000 0001 1100 0000 0101 1000 0010 0000
0x00000034 0000 0001 1100 1100 1100 0000 0010 1010
0x00000038 0001 0011 0000 0000 0000 0000 0001 0000
0x0000003c 0000 0001 1100 0000 0110 0000 0010 0000
0x00000040 0010 0001 1010 1101 1111 1111 1111 1111
0x00000044 0001 0101 1010 0000 0000 0000 0000 0111
0x00000048 0000 0001 0100 0000 1100 1000 0010 0000
0x0000004c 0010 0000 0001 0000 0000 0000 0000 0000
0x00000050 0010 0000 0001 0001 0000 0000 0000 1010
0x00000054 0000 0011 0011 0001 1001 0000 0010 1010
0x00000058 0001 0110 0100 0000 0000 0000 0001 1010
0x0000005c 0000 0011 0011 0001 1100 1000 0010 0010
0x00000060 0010 0010 0001 0000 0000 0000 0000 0001
0x00000064 0000 1000 0000 0000 0000 0000 0001 0101
0x00000068 1010 1100 0001 0000 0000 0000 0110 0100
0x0000006c 1010 1100 0000 1011 0000 0000 0111 1000
0x00000070 1010 1100 0000 1100 0000 0000 1000 1100
0x00000074 0000 1000 0000 0000 0000 0000 0001 1101
